<?xml version="1.0" encoding="UTF-8"?>
<testng-results ignored="2" total="3" passed="1" failed="0" skipped="0">
  <reporter-output>
  </reporter-output>
  <suite started-at="2022-07-19T19:18:43 IST" name="Default suite" finished-at="2022-07-19T19:19:00 IST" duration-ms="16769">
    <groups>
    </groups>
    <test started-at="2022-07-19T19:18:43 IST" name="Default test" finished-at="2022-07-19T19:19:00 IST" duration-ms="16769">
      <class name="com.qa.test.rest.PostCall">
        <test-method signature="postGet()[pri:0, instance:com.qa.test.rest.PostCall@4facf68f]" started-at="2022-07-19T19:18:43 IST" name="postGet" finished-at="2022-07-19T19:19:00 IST" duration-ms="16727" status="PASS">
          <reporter-output>
          </reporter-output>
        </test-method> <!-- postGet -->
      </class> <!-- com.qa.test.rest.PostCall -->
    </test> <!-- Default test -->
  </suite> <!-- Default suite -->
</testng-results>
