<?xml version="1.0" encoding="UTF-8"?>
<!-- Generated by org.testng.reporters.JUnitXMLReporter -->
<testsuite ignored="2" hostname="LAPTOP-M2A8A7B6" failures="0" tests="1" name="Default test" time="16.769" errors="0" timestamp="2022-07-19T19:19:00 IST">
  <testcase classname="com.qa.test.rest.PostCall" name="postGet" time="16.727"/>
  <testcase classname="com.qa.test.rest.PostCall" name="GetAPIOperations" time="0.0">
    <ignored/>
  </testcase> <!-- GetAPIOperations -->
  <testcase classname="com.qa.test.rest.PostCall" name="GetAPIOperations2" time="0.0">
    <ignored/>
  </testcase> <!-- GetAPIOperations2 -->
</testsuite> <!-- Default test -->
